IRAN|379|-15
IRAN|341|239
BRAZIL|328|-31
BRAZIL|290|223
CANADA|289|-82
IRAN|286|167
IRAN|272|481
IRAN|264|37
INDONESIA|258|-292
MOROCCO|255|-4
CANADA|251|172
MOZAMBIQUE|244|-468
IRAN|241|325
IRAN|237|-4
IRAN|236|41
BRAZIL|235|151
IRAN|234|544
IRAN|231|179
IRAN|229|277
UNITED KINGDOM|228|-91
SAUDI ARABIA|223|90
BRAZIL|221|465
INDONESIA|220|-38
MOROCCO|217|250
BRAZIL|213|21
ALGERIA|206|-85
KENYA|202|-372
IRAN|201|76
IRAN|199|-105
ROMANIA|197|-241
CANADA|196|100
IRAN|193|357
BRAZIL|190|309
BRAZIL|186|-20
BRAZIL|185|25
BRAZIL|183|528
CANADA|182|414
IRAN|181|273
BRAZIL|180|163
BRAZIL|178|261
CANADA|174|-30
IRAN|171|70
IRAN|170|226
BRAZIL|169|222
ALGERIA|168|169
INDONESIA|165|-110
KENYA|164|-118
MOROCCO|162|178
IRAQ|161|243
ROMANIA|159|13
JORDAN|158|85
BRAZIL|155|-27
VIETNAM|152|-86
CANADA|151|258
BRAZIL|150|60
BRAZIL|148|-121
CANADA|147|-71
CANADA|146|-26
CANADA|144|477
INDONESIA|143|-240
BRAZIL|142|341
CANADA|141|112
MOROCCO|140|48
CANADA|139|210
ARGENTINA|137|-52
UNITED KINGDOM|135|91
BRAZIL|130|257
MOZAMBIQUE|129|-416
BRAZIL|123|437
UNITED KINGDOM|121|405
BRAZIL|120|54
BRAZIL|119|210
BRAZIL|117|0
CANADA|116|-78
INDONESIA|115|-236
ALGERIA|113|97
MOROCCO|112|52
CANADA|111|9
INDONESIA|110|-98
CANADA|109|-172
INDONESIA|108|0
MOROCCO|107|190
IRAQ|106|171
MOROCCO|105|288
ROMANIA|104|-59
CANADA|103|290
IRAN|102|0
MOZAMBIQUE|101|-412
BRAZIL|100|-116
ALGERIA|99|411
VIETNAM|97|-158
BRAZIL|96|303
KENYA|95|124
MOZAMBIQUE|94|-176
EGYPT|93|-152
IRAQ|92|485
ALGERIA|91|-33
ROMANIA|90|255
KENYA|87|-320
UNITED KINGDOM|86|-80
INDONESIA|85|-288
CANADA|84|386
UNITED KINGDOM|83|468
MOROCCO|82|0
CANADA|81|3
CANADA|80|159
CHINA|79|-496
CANADA|78|-51
MOROCCO|77|87
MOROCCO|75|-94
SAUDI ARABIA|73|382
INDONESIA|72|80
EGYPT|71|-282
MOROCCO|69|368
ALGERIA|68|255
IRAN|67|67
MOZAMBIQUE|66|-377
JORDAN|65|267
ALGERIA|64|-74
ALGERIA|63|-29
ALGERIA|61|474
INDONESIA|60|-4
KENYA|59|-316
ALGERIA|58|109
CANADA|57|252
ALGERIA|56|207
ROMANIA|55|-230
IRAQ|54|548
INDONESIA|53|176
KENYA|52|-80
BRAZIL|51|-16
INDONESIA|50|-207
GERMANY|49|-253
EGYPT|48|6
ALGERIA|47|168
JAPAN|46|-142
SAUDI ARABIA|45|181
ARGENTINA|44|130
EGYPT|43|-278
UNITED KINGDOM|42|281
CHINA|41|-242
IRAQ|40|242
MOZAMBIQUE|39|0
EGYPT|38|-140
SAUDI ARABIA|37|462
EGYPT|36|-42
MOZAMBIQUE|35|-227
ALGERIA|33|-81
VIETNAM|31|-87
ARGENTINA|30|444
KENYA|29|-368
ALGERIA|28|6
EGYPT|27|-81
ALGERIA|26|-175
SAUDI ARABIA|25|378
KENYA|24|-281
JAPAN|23|146
ARGENTINA|22|0
IRAQ|21|80
ALGERIA|20|287
IRAQ|19|-101
JAPAN|18|-138
ROMANIA|17|-331
BRAZIL|16|51
JORDAN|15|141
SAUDI ARABIA|14|331
EGYPT|13|-330
CANADA|12|-67
GERMANY|11|1
JORDAN|10|279
RUSSIA|9|-254
ALGERIA|8|203
EGYPT|6|-424
KENYA|4|-84
JAPAN|2|59
ALGERIA|1|383
EGYPT|0|38
ARGENTINA|-1|288
ALGERIA|-2|0
ALGERIA|-3|156
UNITED KINGDOM|-4|243
ALGERIA|-5|-54
ARGENTINA|-6|4
KENYA|-7|-131
ARGENTINA|-8|507
IRAQ|-9|74
IRAQ|-10|230
ARGENTINA|-11|142
EGYPT|-12|-46
ARGENTINA|-13|240
CHINA|-14|-314
JORDAN|-15|89
PERU|-16|314
JAPAN|-17|-103
VIETNAM|-18|-255
EGYPT|-19|134
JORDAN|-20|176
VIETNAM|-21|-309
ALGERIA|-22|-170
CANADA|-23|0
PERU|-24|-130
EGYPT|-25|-303
ALGERIA|-26|249
CHINA|-28|0
FRANCE|-29|0
KENYA|-30|-38
ROMANIA|-31|-326
IRAQ|-33|323
ROMANIA|-35|93
ARGENTINA|-36|-48
JAPAN|-37|94
VIETNAM|-38|-425
ETHIOPIA|-39|440
JORDAN|-40|373
ARGENTINA|-41|39
EGYPT|-42|-419
ARGENTINA|-43|-142
GERMANY|-44|-71
EGYPT|-46|0
ETHIOPIA|-47|-4
JAPAN|-48|47
ARGENTINA|-49|320
JAPAN|-50|-163
JORDAN|-51|326
PERU|-52|-126
JORDAN|-53|116
INDONESIA|-54|-210
MOROCCO|-57|78
GERMANY|-58|243
CHINA|-59|-156
ARGENTINA|-61|236
CHINA|-63|-485
CHINA|-64|-440
CHINA|-66|63
FRANCE|-67|254
ARGENTINA|-68|416
CHINA|-69|-302
ETHIOPIA|-70|284
ALGERIA|-71|-70
ARGENTINA|-72|189
ARGENTINA|-74|-21
ETHIOPIA|-75|0
ETHIOPIA|-77|503
IRAQ|-78|4
INDIA|-79|4
CHINA|-80|-243
ETHIOPIA|-82|236
RUSSIA|-84|-72
PERU|-87|-91
INDIA|-88|-35
GERMANY|-89|87
ARGENTINA|-91|-137
GERMANY|-93|-242
CHINA|-94|-492
ARGENTINA|-95|282
GERMANY|-96|306
RUSSIA|-98|242
CHINA|-99|-405
CHINA|-101|-586
INDIA|-102|-284
ETHIOPIA|-105|-52
ALGERIA|-106|-3
CHINA|-107|-124
INDIA|-109|-378
ETHIOPIA|-110|35
ETHIOPIA|-112|-146
IRAQ|-113|71
PERU|-114|286
INDIA|-115|84
JAPAN|-116|-179
PERU|-117|-97
ETHIOPIA|-118|316
CHINA|-119|-208
PERU|-120|-151
FRANCE|-122|182
GERMANY|-124|-249
CHINA|-126|-28
INDIA|-127|0
CHINA|-129|-411
CHINA|-130|-255
GERMANY|-131|-343
CHINA|-132|-465
RUSSIA|-133|-243
INDIA|-134|180
FRANCE|-136|496
ETHIOPIA|-137|412
INDIA|-138|-47
RUSSIA|-139|-60
ARGENTINA|-140|-37
ETHIOPIA|-141|185
ETHIOPIA|-143|-25
FRANCE|-144|52
UNITED STATES|-145|-548
UNITED STATES|-146|-503
UNITED STATES|-148|0
CHINA|-149|-581
RUSSIA|-150|-1
JAPAN|-151|-112
CHINA|-153|-162
JORDAN|-154|167
GERMANY|-156|215
INDIA|-157|-373
GERMANY|-159|-168
ETHIOPIA|-160|-141
INDIA|-161|46
GERMANY|-162|-222
ETHIOPIA|-164|278
FRANCE|-167|340
RUSSIA|-169|-163
FRANCE|-171|11
FRANCE|-172|56
FRANCE|-174|559
ARGENTINA|-175|30
UNITED STATES|-176|-555
FRANCE|-177|194
FRANCE|-179|292
UNITED STATES|-181|-468
GERMANY|-183|81
PERU|-186|-167
FRANCE|-188|253
RUSSIA|-189|34
RUSSIA|-196|214
CHINA|-198|-481
RUSSIA|-199|-169
RUSSIA|-200|-13
UNITED STATES|-201|-271
FRANCE|-202|4
INDIA|-206|-273
FRANCE|-207|91
UNITED STATES|-208|-91
ETHIOPIA|-209|-41
UNITED STATES|-211|-474
UNITED STATES|-212|-318
UNITED STATES|-214|-528
FRANCE|-215|372
RUSSIA|-219|-339
PERU|-221|-100
RUSSIA|-223|80
FRANCE|-227|288
GERMANY|-228|-238
UNITED STATES|-231|-644
CHINA|-233|-414
FRANCE|-234|468
UNITED STATES|-235|-225
FRANCE|-237|85
FRANCE|-238|241
FRANCE|-240|31
INDIA|-241|-206
ETHIOPIA|-244|26
FRANCE|-257|-85
FRANCE|-261|334
GERMANY|-263|-171
RUSSIA|-268|-239
UNITED STATES|-280|-544
RUSSIA|-303|-172
FRANCE|-306|15
UNITED STATES|-315|-477
FRANCE|-341|82
